navisusr @ MN4OUAT SQL> 
navisusr @ MN4OUAT SQL> select TO_CHAR(SYSDATE,'YYYY-MM-DD'), 'EDI_TRANSACTION', '2014', count(*) from EDI_TRANSACTION
  2  where to_char(created,'yyyy-mm-dd HH:MI:SS') like '2014%' group by TO_CHAR(SYSDATE,'YYYY-MM-DD'), 'EDI_TRANSACTION', '2014' ;

TO_CHAR(SY 'EDI_TRANSACTIO '201   COUNT(*)
---------- --------------- ---- ----------
2015-05-19 EDI_TRANSACTION 2014   21247160

navisusr @ MN4OUAT SQL> select TO_CHAR(SYSDATE,'YYYY-MM-DD'), 'EDI_TRANSACTION', '2015', count(*) from EDI_TRANSACTION
  2  where to_char(created,'yyyy-mm-dd HH:MI:SS') like '2015%' group by TO_CHAR(SYSDATE,'YYYY-MM-DD'), 'EDI_TRANSACTION', '2015' ;

TO_CHAR(SY 'EDI_TRANSACTIO '201   COUNT(*)
---------- --------------- ---- ----------
2015-05-19 EDI_TRANSACTION 2015   13543580

navisusr @ MN4OUAT SQL> 
navisusr @ MN4OUAT SQL> select TO_CHAR(SYSDATE,'YYYY-MM-DD'), 'EDI_SEGMENT', '2014', count(*) from EDI_SEGMENT
  2  where to_char(created,'yyyy-mm-dd HH:MI:SS') like '2014%' group by TO_CHAR(SYSDATE,'YYYY-MM-DD'), 'EDI_SEGMENT', '2014' ;

TO_CHAR(SY 'EDI_SEGMEN '201   COUNT(*)
---------- ----------- ---- ----------
2015-05-19 EDI_SEGMENT 2014  334871950

navisusr @ MN4OUAT SQL> select TO_CHAR(SYSDATE,'YYYY-MM-DD'), 'EDI_SEGMENT', '2015', count(*) from EDI_SEGMENT
  2  where to_char(created,'yyyy-mm-dd HH:MI:SS') like '2015%' group by TO_CHAR(SYSDATE,'YYYY-MM-DD'), 'EDI_SEGMENT', '2015' ;

TO_CHAR(SY 'EDI_SEGMEN '201   COUNT(*)
---------- ----------- ---- ----------
2015-05-19 EDI_SEGMENT 2015  211747375

navisusr @ MN4OUAT SQL> 
navisusr @ MN4OUAT SQL> 
navisusr @ MN4OUAT SQL> 
navisusr @ MN4OUAT SQL> 
navisusr @ MN4OUAT SQL> 
navisusr @ MN4OUAT SQL> exit
